SF:lib/main.dart
DA:13,0
DA:14,0
DA:15,0
DA:16,0
DA:17,0
DA:18,0
DA:19,0
DA:23,2
DA:25,1
DA:26,1
DA:30,0
DA:32,1
DA:34,1
DA:37,1
DA:39,1
DA:43,0
DA:44,0
DA:46,0
DA:47,0
DA:64,0
DA:65,0
DA:66,0
LF:22
LH:7
end_of_record
SF:lib/auth/model/user_data.dart
DA:28,0
DA:48,0
DA:49,0
DA:51,0
LF:4
LH:0
end_of_record
SF:lib/auth/model/user_data.g.dart
DA:9,0
DA:10,0
DA:11,0
DA:12,0
DA:13,0
DA:14,0
DA:15,0
DA:16,0
DA:17,0
DA:18,0
DA:19,0
DA:20,0
DA:21,0
DA:22,0
DA:23,0
DA:24,0
DA:25,0
DA:26,0
DA:28,0
DA:31,0
DA:32,0
DA:33,0
DA:34,0
DA:35,0
DA:36,0
DA:37,0
DA:38,0
DA:39,0
DA:40,0
DA:41,0
DA:42,0
DA:43,0
DA:44,0
DA:45,0
DA:46,0
DA:47,0
DA:48,0
LF:37
LH:0
end_of_record
SF:lib/auth/data/repositories/impl/get_user_data_repository_impl.dart
DA:12,0
DA:14,0
DA:18,0
DA:19,0
DA:27,0
DA:28,0
DA:33,0
LF:7
LH:0
end_of_record
SF:lib/util/api_urls.dart
DA:17,0
LF:1
LH:0
end_of_record
SF:lib/util/logger.dart
DA:6,0
DA:9,0
LF:2
LH:0
end_of_record
SF:lib/auth/data/repositories/impl/location_repository_impl.g.dart
DA:12,0
DA:21,0
DA:27,0
DA:28,0
DA:33,0
DA:35,0
DA:36,0
DA:41,0
DA:42,0
DA:47,0
DA:48,0
DA:49,0
DA:50,0
DA:52,0
DA:53,0
DA:57,0
DA:58,0
DA:59,0
DA:60,0
DA:61,0
DA:62,0
DA:64,0
DA:70,0
DA:74,0
DA:78,0
DA:80,0
DA:81,0
DA:84,0
LF:28
LH:0
end_of_record
SF:lib/auth/data/repositories/impl/send_otp_repository_impl.dart
DA:10,0
DA:14,0
DA:23,0
DA:26,0
DA:27,0
DA:29,0
DA:30,0
DA:32,0
DA:33,0
DA:35,0
DA:38,0
LF:11
LH:0
end_of_record
SF:lib/auth/data/repositories/impl/signin_repository_impl.dart
DA:13,0
DA:17,0
DA:21,0
DA:22,0
DA:24,0
DA:25,0
DA:26,0
DA:30,0
DA:31,0
DA:36,0
LF:10
LH:0
end_of_record
SF:lib/auth/data/repositories/impl/signup_repository_impl.dart
DA:11,0
DA:15,0
DA:17,0
DA:18,0
DA:21,0
DA:22,0
DA:23,0
DA:24,0
DA:25,0
DA:26,0
DA:28,0
DA:29,0
DA:30,0
DA:31,0
DA:32,0
DA:33,0
DA:35,0
DA:38,0
DA:41,0
DA:43,0
LF:20
LH:0
end_of_record
SF:lib/auth/data/repositories/impl/user_name_repository_impl.dart
DA:10,0
DA:14,0
DA:16,0
DA:17,0
DA:18,0
DA:20,0
DA:21,0
DA:22,0
DA:23,0
DA:27,0
LF:10
LH:0
end_of_record
SF:lib/auth/model/phone_auth_provider_model.dart
DA:13,0
DA:14,0
DA:15,0
DA:17,0
LF:4
LH:0
end_of_record
SF:lib/auth/model/phone_auth_provider_model.g.dart
DA:9,0
DA:11,0
DA:12,0
DA:14,0
DA:15,0
DA:16,0
DA:19,0
DA:21,0
DA:22,0
DA:23,0
LF:10
LH:0
end_of_record
SF:lib/auth/data/services/impl/get_user_data_services_ipml.dart
DA:19,0
DA:22,0
DA:27,0
DA:30,0
DA:31,0
DA:32,0
DA:33,0
DA:34,0
DA:35,0
DA:37,0
DA:38,0
DA:39,0
DA:42,0
DA:46,0
DA:49,0
DA:50,0
DA:51,0
DA:52,0
DA:53,0
DA:55,0
DA:56,0
DA:57,0
LF:22
LH:0
end_of_record
SF:lib/util/shered_preferences.dart
DA:9,0
DA:10,0
DA:12,0
DA:13,0
DA:29,0
DA:30,0
DA:33,0
DA:34,0
DA:36,0
DA:37,0
DA:39,0
DA:40,0
DA:42,0
DA:43,0
DA:45,0
DA:46,0
DA:48,0
DA:49,0
DA:51,0
DA:52,0
DA:54,0
DA:55,0
DA:57,0
DA:58,0
DA:60,0
DA:62,0
DA:63,0
DA:70,0
DA:71,0
DA:72,0
DA:73,0
DA:74,0
DA:75,0
DA:76,0
DA:77,0
DA:78,0
DA:79,0
DA:80,0
DA:81,0
DA:82,0
DA:83,0
DA:84,0
DA:91,0
DA:93,0
LF:44
LH:0
end_of_record
SF:lib/util/utility_function.dart
DA:11,0
DA:12,0
DA:13,0
DA:22,0
DA:25,0
DA:26,0
DA:27,0
DA:28,0
DA:32,0
DA:33,0
DA:34,0
DA:35,0
DA:38,0
DA:41,0
DA:44,0
DA:46,0
DA:48,0
DA:50,0
DA:52,0
DA:54,0
DA:57,0
LF:21
LH:0
end_of_record
SF:lib/auth/data/services/impl/location_services_impl.dart
DA:20,0
DA:22,0
DA:25,0
DA:28,0
DA:32,0
DA:33,0
DA:34,0
DA:35,0
DA:36,0
DA:38,0
DA:41,0
DA:44,0
LF:12
LH:0
end_of_record
SF:lib/baseResponse/base_response.dart
DA:7,0
DA:17,0
DA:19,0
LF:3
LH:0
end_of_record
SF:lib/baseResponse/base_response.g.dart
DA:9,0
DA:10,0
DA:11,0
DA:12,0
DA:13,0
DA:14,0
DA:17,0
DA:18,0
DA:19,0
DA:20,0
DA:21,0
LF:11
LH:0
end_of_record
SF:lib/auth/model/address_model.dart
DA:16,0
DA:25,0
DA:26,0
DA:28,0
LF:4
LH:0
end_of_record
SF:lib/auth/model/address_model.g.dart
DA:9,0
DA:10,0
DA:11,0
DA:12,0
DA:13,0
DA:14,0
DA:15,0
DA:18,0
DA:19,0
DA:20,0
DA:21,0
DA:22,0
DA:23,0
DA:24,0
DA:25,0
LF:15
LH:0
end_of_record
SF:lib/auth/data/services/impl/send_otp_services_impl.dart
DA:19,0
DA:21,0
DA:24,0
DA:27,0
DA:30,0
DA:31,0
DA:32,0
DA:33,0
DA:37,0
DA:39,0
DA:40,0
DA:41,0
DA:42,0
DA:44,0
DA:47,0
DA:49,0
DA:51,0
DA:53,0
DA:54,0
DA:56,0
DA:58,0
DA:59,0
DA:60,0
DA:61,0
DA:62,0
DA:64,0
DA:65,0
DA:66,0
LF:28
LH:0
end_of_record
SF:lib/auth/model/code_model_response.dart
DA:12,0
DA:14,0
DA:15,0
DA:17,0
LF:4
LH:0
end_of_record
SF:lib/auth/model/code_model_response.g.dart
DA:9,0
DA:10,0
DA:11,0
DA:12,0
DA:15,0
DA:16,0
DA:17,0
DA:18,0
LF:8
LH:0
end_of_record
SF:lib/auth/data/services/impl/signin_services_impl.dart
DA:20,0
DA:22,0
DA:28,0
DA:29,0
DA:32,0
DA:33,0
DA:36,0
DA:39,0
DA:40,0
DA:43,0
DA:45,0
DA:46,0
DA:47,0
DA:48,0
DA:49,0
DA:51,0
DA:52,0
DA:53,0
LF:18
LH:0
end_of_record
SF:lib/auth/data/services/impl/signup_services_impl.dart
DA:22,0
DA:23,0
DA:27,0
DA:28,0
DA:30,0
DA:31,0
DA:32,0
DA:33,0
DA:34,0
DA:35,0
DA:36,0
DA:38,0
DA:39,0
DA:40,0
DA:41,0
DA:42,0
DA:43,0
DA:47,0
DA:48,0
DA:50,0
DA:52,0
DA:53,0
DA:54,0
DA:55,0
DA:56,0
DA:57,0
DA:59,0
DA:60,0
DA:61,0
DA:62,0
DA:63,0
DA:64,0
DA:67,0
DA:70,0
DA:72,0
DA:73,0
DA:74,0
DA:75,0
DA:76,0
DA:77,0
DA:79,0
DA:80,0
DA:81,0
LF:43
LH:0
end_of_record
SF:lib/auth/data/services/impl/user_name_services_impl.dart
DA:14,0
DA:18,0
DA:21,0
DA:23,0
DA:24,0
DA:25,0
DA:26,0
DA:28,0
DA:29,0
DA:32,0
LF:10
LH:0
end_of_record
SF:lib/auth/domain/impl/get_user_data_access_services_impl.dart
DA:15,0
DA:17,0
DA:19,0
LF:3
LH:0
end_of_record
SF:lib/auth/domain/impl/location_access_services_impl.dart
DA:17,0
DA:18,0
DA:20,0
DA:21,0
DA:24,0
DA:26,0
LF:6
LH:0
end_of_record
SF:lib/auth/domain/impl/send_otp_access_services_impl.dart
DA:15,0
DA:17,0
DA:20,0
LF:3
LH:0
end_of_record
SF:lib/auth/domain/impl/signup_access_services_impl.dart
DA:16,0
DA:20,0
DA:22,0
DA:23,0
DA:24,0
LF:5
LH:0
end_of_record
SF:lib/auth/domain/impl/singin_access_services_impl.dart
DA:15,0
DA:16,0
DA:19,0
LF:3
LH:0
end_of_record
SF:lib/auth/domain/impl/user_name_access_services_impl.dart
DA:15,0
DA:18,0
DA:20,0
DA:21,0
LF:4
LH:0
end_of_record
SF:lib/auth/presentaion/bloc/email_signin_bloc/email_signin_state.dart
DA:6,0
DA:7,0
LF:2
LH:0
end_of_record
SF:lib/auth/presentaion/bloc/email_signin_bloc/email_signin_bloc.dart
DA:20,0
DA:22,0
DA:23,0
DA:24,0
DA:25,0
DA:29,0
DA:31,0
DA:32,0
DA:33,0
DA:34,0
DA:35,0
DA:36,0
LF:12
LH:0
end_of_record
SF:lib/auth/presentaion/bloc/email_signup_bloc/email_signup_bloc.dart
DA:21,0
DA:22,0
DA:23,0
DA:24,0
DA:25,0
DA:29,0
DA:31,0
DA:32,0
DA:33,0
DA:34,0
DA:35,0
DA:36,0
DA:37,0
DA:38,0
DA:39,0
DA:40,0
DA:41,0
LF:17
LH:0
end_of_record
SF:lib/auth/presentaion/bloc/email_signup_bloc/email_signup_state.dart
DA:11,0
DA:12,0
LF:2
LH:0
end_of_record
SF:lib/auth/presentaion/bloc/get_user_data_bloc/get_user_data_bloc.dart
DA:18,0
DA:19,0
DA:20,0
DA:21,0
DA:22,0
DA:26,0
DA:27,0
DA:28,0
DA:29,0
DA:30,0
DA:31,0
LF:11
LH:0
end_of_record
SF:lib/auth/presentaion/bloc/get_user_data_bloc/get_user_data_state.dart
DA:11,0
DA:12,0
LF:2
LH:0
end_of_record
SF:lib/auth/presentaion/bloc/google_map_bloc/google_map_state.dart
DA:13,0
DA:14,0
LF:2
LH:0
end_of_record
SF:lib/auth/presentaion/bloc/google_map_bloc/google_map_bloc.dart
DA:22,0
DA:23,0
DA:24,0
DA:25,0
DA:26,0
DA:33,0
DA:35,0
DA:36,0
DA:37,0
DA:38,0
DA:39,0
DA:40,0
DA:41,0
DA:42,0
DA:44,0
DA:45,0
DA:49,0
DA:54,0
DA:56,0
DA:57,0
DA:58,0
DA:59,0
DA:60,0
LF:23
LH:0
end_of_record
SF:lib/auth/presentaion/bloc/phone_auth_bloc/phone_auth_bloc.dart
DA:22,0
DA:24,0
DA:25,0
DA:26,0
DA:30,0
DA:32,0
DA:33,0
DA:34,0
DA:35,0
DA:36,0
DA:37,0
DA:38,0
DA:39,0
LF:13
LH:0
end_of_record
SF:lib/auth/presentaion/bloc/phone_auth_bloc/phone_auth_state.dart
DA:11,0
LF:1
LH:0
end_of_record
SF:lib/auth/presentaion/bloc/user_name_bloc/user_name_bloc.dart
DA:22,0
DA:23,0
DA:24,0
DA:25,0
DA:26,0
DA:31,0
DA:33,0
DA:35,0
DA:37,0
DA:38,0
DA:39,0
DA:40,0
LF:12
LH:0
end_of_record
SF:lib/auth/presentaion/bloc/user_name_bloc/user_name_state.dart
DA:11,0
DA:12,0
LF:2
LH:0
end_of_record
SF:lib/auth/presentaion/common/anothe_social_auth.dart
DA:10,4
DA:12,0
DA:13,0
DA:17,0
DA:19,0
DA:20,0
DA:21,0
DA:23,0
DA:24,0
DA:25,0
DA:26,0
DA:27,0
DA:30,0
DA:31,0
DA:33,0
DA:35,0
DA:36,0
DA:41,0
DA:42,0
DA:44,0
DA:45,0
DA:46,0
DA:53,0
DA:55,0
DA:57,0
DA:58,0
DA:61,0
DA:62,0
DA:73,0
DA:76,0
DA:82,0
DA:88,0
DA:91,0
DA:92,0
LF:34
LH:1
end_of_record
SF:lib/util/app_colors.dart
DA:24,0
LF:1
LH:0
end_of_record
SF:lib/util/common_text_style.dart
DA:8,0
DA:16,0
LF:2
LH:0
end_of_record
SF:lib/auth/presentaion/common/dont_have_already_account.dart
DA:9,2
DA:11,0
DA:12,0
DA:16,0
DA:18,0
DA:19,0
DA:20,0
DA:21,0
DA:22,0
DA:26,0
DA:30,0
DA:32,0
DA:37,0
DA:38,0
DA:39,0
DA:41,0
DA:42,0
LF:17
LH:1
end_of_record
SF:lib/auth/presentaion/signup/signup_page_tab.dart
DA:13,4
DA:15,0
DA:16,0
DA:24,0
DA:26,0
DA:27,0
DA:28,0
DA:31,0
DA:33,0
DA:34,0
DA:37,0
DA:39,0
DA:40,0
DA:49,0
DA:50,0
DA:51,0
DA:52,0
DA:53,0
DA:54,0
DA:56,0
DA:57,0
DA:59,0
DA:66,0
DA:67,0
DA:68,0
DA:74,0
DA:75,0
DA:76,0
DA:79,0
DA:87,0
DA:90,0
DA:91,0
DA:111,0
DA:112,0
DA:113,0
LF:35
LH:1
end_of_record
SF:lib/auth/presentaion/common/email_password_widget.dart
DA:16,0
DA:18,0
DA:19,0
DA:28,0
DA:30,0
DA:31,0
DA:32,0
DA:34,0
DA:38,0
DA:39,0
DA:40,0
DA:41,0
DA:42,0
DA:43,0
DA:48,0
DA:50,0
DA:54,0
DA:60,0
DA:61,0
DA:63,0
DA:66,0
DA:67,0
DA:68,0
DA:70,0
DA:71,0
DA:72,0
DA:73,0
DA:74,0
DA:77,0
DA:79,0
DA:80,0
DA:86,0
DA:93,0
DA:94,0
DA:95,0
DA:96,0
DA:98,0
DA:100,0
DA:101,0
DA:102,0
DA:104,0
DA:107,0
DA:108,0
DA:115,0
DA:116,0
DA:117,0
DA:118,0
DA:119,0
DA:120,0
DA:121,0
DA:122,0
DA:123,0
DA:125,0
DA:127,0
DA:129,0
DA:135,0
DA:137,0
DA:146,0
DA:147,0
DA:148,0
DA:149,0
DA:151,0
DA:152,0
DA:153,0
DA:154,0
DA:155,0
DA:156,0
DA:157,0
DA:158,0
DA:159,0
DA:160,0
DA:161,0
DA:162,0
DA:163,0
DA:164,0
DA:165,0
DA:166,0
DA:167,0
DA:168,0
DA:169,0
DA:170,0
DA:171,0
DA:172,0
DA:173,0
DA:174,0
DA:175,0
DA:176,0
DA:177,0
DA:178,0
DA:179,0
DA:180,0
DA:181,0
DA:182,0
DA:183,0
DA:184,0
DA:185,0
DA:186,0
DA:187,0
DA:188,0
DA:189,0
DA:190,0
DA:191,0
DA:192,0
DA:193,0
DA:194,0
DA:195,0
DA:196,0
DA:197,0
DA:198,0
DA:199,0
DA:200,0
DA:201,0
DA:202,0
DA:203,0
LF:114
LH:0
end_of_record
SF:lib/common/custom_text_field.dart
DA:44,0
DA:78,0
DA:80,0
DA:83,0
DA:84,0
DA:85,0
DA:86,0
DA:88,0
DA:90,0
DA:91,0
DA:92,0
DA:94,0
DA:95,0
DA:96,0
DA:97,0
DA:98,0
DA:99,0
DA:100,0
DA:102,0
DA:103,0
DA:104,0
DA:105,0
DA:106,0
DA:107,0
DA:109,0
DA:110,0
DA:113,0
DA:116,0
DA:117,0
DA:118,0
DA:120,0
DA:121,0
DA:122,0
DA:125,0
DA:126,0
DA:128,0
DA:129,0
DA:130,0
DA:131,0
DA:132,0
DA:134,0
DA:135,0
DA:137,0
DA:138,0
DA:139,0
DA:140,0
DA:142,0
DA:143,0
DA:145,0
DA:146,0
DA:147,0
DA:148,0
DA:150,0
DA:151,0
DA:153,0
DA:154,0
DA:155,0
DA:156,0
DA:158,0
DA:159,0
DA:172,0
DA:174,0
DA:177,0
DA:178,0
LF:64
LH:0
end_of_record
SF:lib/util/validator_fields.dart
DA:5,0
DA:9,0
DA:10,0
DA:12,0
DA:22,0
DA:23,0
DA:25,0
DA:30,0
DA:31,0
DA:32,0
DA:35,0
DA:37,0
DA:40,0
DA:43,0
DA:44,0
DA:48,0
DA:51,0
DA:54,0
DA:55,0
LF:19
LH:0
end_of_record
SF:lib/auth/presentaion/common/have_already_account.dart
DA:9,2
DA:11,0
DA:12,0
DA:16,0
DA:18,0
DA:19,0
DA:20,0
DA:21,0
DA:22,0
DA:26,0
DA:30,0
DA:32,0
DA:37,0
DA:38,0
DA:39,0
DA:41,0
DA:42,0
LF:17
LH:1
end_of_record
SF:lib/auth/presentaion/login/login_page_tab.dart
DA:11,2
DA:13,0
DA:14,0
DA:21,0
DA:23,0
DA:24,0
DA:27,0
DA:29,0
DA:30,0
DA:33,0
DA:35,0
DA:36,0
DA:41,0
DA:42,0
DA:43,0
DA:44,0
DA:45,0
DA:52,0
DA:53,0
DA:59,0
DA:60,0
DA:61,0
DA:64,0
DA:72,0
DA:73,0
DA:75,0
DA:76,0
DA:87,0
DA:102,0
DA:103,0
DA:104,0
LF:31
LH:1
end_of_record
SF:lib/auth/presentaion/common/otp_box_field.dart
DA:11,0
DA:13,0
DA:14,0
DA:20,0
DA:23,0
DA:24,0
DA:31,0
DA:35,0
DA:36,0
DA:42,0
DA:43,0
DA:44,0
DA:47,0
DA:48,0
DA:49,0
DA:52,0
DA:55,0
DA:56,0
DA:57,0
DA:58,0
DA:59,0
DA:60,0
LF:22
LH:0
end_of_record
SF:lib/auth/presentaion/common/otv_verification_page.dart
DA:37,0
DA:40,0
DA:41,0
DA:54,0
DA:56,0
DA:57,0
DA:58,0
DA:59,0
DA:60,0
DA:63,0
DA:65,0
DA:66,0
DA:75,0
DA:76,0
DA:77,0
DA:78,0
DA:79,0
DA:80,0
DA:81,0
DA:82,0
DA:83,0
DA:84,0
DA:85,0
DA:87,0
DA:88,0
DA:89,0
DA:90,0
DA:92,0
DA:95,0
DA:96,0
DA:97,0
DA:98,0
DA:99,0
DA:101,0
DA:102,0
DA:104,0
DA:105,0
DA:116,0
DA:118,0
DA:119,0
DA:122,0
DA:127,0
DA:128,0
DA:135,0
DA:136,0
DA:137,0
DA:142,0
DA:143,0
DA:144,0
DA:145,0
DA:146,0
DA:147,0
DA:149,0
DA:151,0
DA:152,0
DA:154,0
DA:159,0
DA:160,0
DA:161,0
DA:162,0
DA:163,0
DA:166,0
DA:167,0
DA:168,0
DA:175,0
DA:176,0
DA:177,0
DA:178,0
DA:179,0
DA:180,0
DA:181,0
DA:184,0
DA:185,0
DA:186,0
DA:187,0
DA:191,0
DA:195,0
DA:197,0
DA:202,0
DA:203,0
DA:204,0
DA:205,0
DA:207,0
DA:218,0
DA:219,0
DA:220,0
DA:221,0
DA:222,0
DA:223,0
DA:224,0
DA:225,0
DA:226,0
DA:228,0
DA:229,0
DA:230,0
DA:234,0
DA:236,0
DA:237,0
DA:240,0
DA:241,0
DA:242,0
DA:243,0
DA:244,0
DA:250,0
DA:252,0
DA:256,0
DA:258,0
DA:270,0
DA:272,0
DA:274,0
DA:275,0
DA:276,0
DA:277,0
DA:278,0
DA:281,0
DA:282,0
DA:289,0
DA:291,0
DA:292,0
DA:293,0
LF:120
LH:0
end_of_record
SF:lib/auth/presentaion/common/search_location_page.dart
DA:17,1
DA:19,0
DA:20,0
DA:29,0
DA:31,0
DA:32,0
DA:35,0
DA:37,0
DA:38,0
DA:41,0
DA:42,0
DA:44,0
DA:51,0
DA:52,0
DA:53,0
DA:54,0
DA:55,0
DA:57,0
DA:58,0
DA:60,0
DA:65,0
DA:66,0
DA:68,0
DA:71,0
DA:74,0
DA:75,0
DA:76,0
DA:77,0
DA:78,0
DA:79,0
DA:80,0
DA:81,0
DA:82,0
DA:83,0
DA:84,0
DA:85,0
DA:86,0
DA:87,0
DA:90,0
DA:91,0
DA:95,0
DA:96,0
DA:98,0
DA:102,0
DA:103,0
DA:104,0
DA:105,0
DA:106,0
DA:107,0
DA:113,0
DA:114,0
DA:115,0
DA:116,0
DA:117,0
DA:129,0
DA:130,0
DA:132,0
DA:136,0
DA:137,0
DA:138,0
DA:139,0
DA:140,0
DA:146,0
DA:147,0
DA:148,0
DA:149,0
DA:150,0
LF:67
LH:1
end_of_record
SF:lib/util/extences.dart
DA:4,0
DA:5,0
DA:6,0
DA:9,0
DA:10,0
DA:11,0
LF:6
LH:0
end_of_record
SF:lib/dashbord/presentaion/dash_bord_page.dart
DA:17,4
DA:19,0
DA:20,0
DA:32,0
DA:34,0
DA:35,0
DA:36,0
DA:37,0
DA:38,0
DA:39,0
DA:40,0
DA:41,0
DA:42,0
DA:53,0
DA:54,0
DA:55,0
DA:56,0
DA:59,0
DA:60,0
DA:61,0
DA:63,0
DA:64,0
DA:66,0
DA:67,0
DA:68,0
DA:69,0
DA:70,0
DA:72,0
DA:75,0
DA:77,0
DA:78,0
DA:79,0
DA:80,0
DA:81,0
DA:82,0
DA:83,0
DA:85,0
DA:88,0
DA:90,0
DA:91,0
DA:92,0
DA:93,0
DA:94,0
DA:95,0
DA:96,0
DA:98,0
DA:101,0
DA:103,0
DA:104,0
DA:105,0
DA:106,0
DA:107,0
DA:108,0
DA:109,0
DA:111,0
LF:55
LH:1
end_of_record
SF:lib/di/di_setup.dart
DA:6,0
DA:8,0
DA:15,0
LF:3
LH:0
end_of_record
SF:lib/util/common_button.dart
DA:17,0
DA:29,0
DA:30,0
DA:37,0
DA:39,0
DA:45,0
DA:46,0
DA:48,0
DA:51,0
DA:53,0
DA:54,0
DA:57,0
DA:58,0
DA:59,0
DA:60,0
DA:62,0
DA:63,0
DA:67,0
DA:69,0
DA:70,0
DA:71,0
DA:72,0
DA:73,0
DA:74,0
DA:76,0
DA:77,0
DA:78,0
DA:81,0
DA:85,0
DA:86,0
DA:87,0
DA:88,0
DA:89,0
DA:90,0
DA:91,0
DA:92,0
LF:36
LH:0
end_of_record
SF:lib/util/common_dialog.dart
DA:12,0
DA:18,0
DA:19,0
DA:22,0
DA:23,0
DA:26,0
DA:27,0
DA:28,0
DA:29,0
DA:30,0
DA:31,0
DA:32,0
DA:35,0
DA:36,0
DA:37,0
DA:38,0
DA:40,0
DA:41,0
DA:45,0
DA:46,0
DA:47,0
DA:49,0
DA:55,0
DA:56,0
DA:57,0
DA:60,0
DA:67,0
DA:68,0
DA:69,0
DA:70,0
DA:72,0
DA:73,0
DA:75,0
DA:78,0
LF:34
LH:0
end_of_record
SF:lib/auth/presentaion/common/phone_text_field.dart
DA:12,0
DA:14,0
DA:15,0
DA:19,0
DA:21,0
DA:26,0
DA:27,0
DA:28,0
DA:29,0
DA:34,0
DA:35,0
LF:11
LH:0
end_of_record
SF:lib/common/custom_phone_text_field.dart
DA:30,0
DA:50,0
DA:52,0
DA:53,0
DA:54,0
DA:57,0
DA:58,0
DA:59,0
DA:60,0
DA:62,0
DA:66,0
DA:67,0
DA:68,0
DA:70,0
DA:76,0
DA:83,0
DA:85,0
DA:92,0
DA:93,0
DA:94,0
DA:95,0
DA:96,0
DA:97,0
DA:98,0
DA:99,0
DA:102,0
DA:103,0
DA:105,0
DA:108,0
DA:109,0
DA:114,0
DA:115,0
DA:116,0
DA:118,0
DA:120,0
DA:124,0
DA:125,0
DA:126,0
DA:127,0
DA:130,0
DA:132,0
DA:134,0
DA:135,0
DA:137,0
DA:139,0
DA:141,0
DA:142,0
DA:143,0
DA:145,0
DA:147,0
DA:149,0
DA:150,0
DA:151,0
DA:152,0
DA:156,0
DA:158,0
DA:159,0
DA:160,0
DA:161,0
LF:59
LH:0
end_of_record
SF:lib/auth/presentaion/common/term_and_condition.dart
DA:9,4
DA:11,0
DA:13,0
DA:14,0
DA:15,0
DA:16,0
DA:17,0
DA:21,0
DA:25,0
DA:27,0
DA:32,0
DA:33,0
DA:38,0
DA:40,0
DA:45,0
DA:46,0
LF:16
LH:1
end_of_record
SF:lib/auth/presentaion/login/widget/login_email_tab_view.dart
DA:26,1
DA:28,0
DA:29,0
DA:41,0
DA:43,0
DA:44,0
DA:47,0
DA:49,0
DA:50,0
DA:51,0
DA:53,0
DA:54,0
DA:55,0
DA:57,0
DA:58,0
DA:59,0
DA:60,0
DA:62,0
DA:63,0
DA:64,0
DA:65,0
DA:68,0
DA:69,0
DA:70,0
DA:75,0
DA:76,0
DA:82,0
DA:83,0
DA:84,0
DA:86,0
DA:87,0
DA:88,0
DA:89,0
DA:90,0
DA:91,0
DA:92,0
DA:108,0
DA:109,0
DA:110,0
DA:112,0
DA:113,0
DA:115,0
DA:116,0
DA:117,0
DA:121,0
DA:122,0
DA:123,0
DA:124,0
DA:131,0
DA:136,0
DA:138,0
DA:139,0
LF:52
LH:1
end_of_record
SF:lib/auth/presentaion/login/widget/login_phone_tab_view.dart
DA:29,1
DA:31,0
DA:32,0
DA:41,0
DA:43,0
DA:44,0
DA:47,0
DA:49,0
DA:50,0
DA:51,0
DA:53,0
DA:54,0
DA:55,0
DA:56,0
DA:57,0
DA:58,0
DA:59,0
DA:60,0
DA:61,0
DA:62,0
DA:63,0
DA:64,0
DA:65,0
DA:66,0
DA:67,0
DA:68,0
DA:70,0
DA:71,0
DA:72,0
DA:74,0
DA:81,0
DA:82,0
DA:83,0
DA:90,0
DA:95,0
DA:96,0
DA:102,0
DA:103,0
DA:104,0
DA:106,0
DA:108,0
DA:109,0
DA:110,0
DA:111,0
DA:112,0
DA:113,0
DA:114,0
DA:115,0
DA:116,0
DA:118,0
DA:119,0
DA:120,0
DA:133,0
DA:134,0
DA:135,0
DA:137,0
DA:138,0
DA:139,0
DA:140,0
DA:144,0
DA:145,0
DA:148,0
DA:149,0
DA:152,0
DA:154,0
DA:155,0
DA:156,0
DA:157,0
DA:159,0
DA:160,0
DA:166,0
DA:171,0
DA:173,0
DA:174,0
LF:74
LH:1
end_of_record
SF:lib/auth/presentaion/signup/widget/signup_email_tab_views.dart
DA:32,1
DA:34,0
DA:35,0
DA:48,0
DA:50,0
DA:51,0
DA:54,0
DA:56,0
DA:57,0
DA:58,0
DA:60,0
DA:61,0
DA:62,0
DA:63,0
DA:64,0
DA:65,0
DA:66,0
DA:67,0
DA:68,0
DA:69,0
DA:70,0
DA:71,0
DA:72,0
DA:75,0
DA:78,0
DA:79,0
DA:80,0
DA:81,0
DA:83,0
DA:84,0
DA:86,0
DA:87,0
DA:88,0
DA:91,0
DA:92,0
DA:93,0
DA:94,0
DA:95,0
DA:96,0
DA:97,0
DA:102,0
DA:110,0
DA:111,0
DA:112,0
DA:117,0
DA:118,0
DA:124,0
DA:125,0
DA:126,0
DA:127,0
DA:128,0
DA:129,0
DA:131,0
DA:132,0
DA:134,0
DA:135,0
DA:136,0
DA:137,0
DA:139,0
DA:141,0
DA:143,0
DA:145,0
DA:149,0
DA:150,0
DA:151,0
DA:153,0
DA:154,0
DA:155,0
DA:156,0
DA:157,0
DA:158,0
DA:159,0
DA:161,0
DA:163,0
DA:164,0
DA:167,0
DA:168,0
DA:169,0
DA:170,0
DA:171,0
DA:172,0
DA:173,0
DA:174,0
DA:175,0
DA:176,0
DA:181,0
DA:191,0
DA:196,0
DA:198,0
LF:89
LH:1
end_of_record
SF:lib/auth/presentaion/signup/widget/signup_phone_tab_views.dart
DA:29,1
DA:31,0
DA:32,0
DA:43,0
DA:45,0
DA:46,0
DA:49,0
DA:51,0
DA:52,0
DA:53,0
DA:55,0
DA:56,0
DA:57,0
DA:58,0
DA:59,0
DA:60,0
DA:61,0
DA:62,0
DA:63,0
DA:64,0
DA:65,0
DA:66,0
DA:67,0
DA:68,0
DA:70,0
DA:71,0
DA:73,0
DA:74,0
DA:75,0
DA:77,0
DA:84,0
DA:85,0
DA:86,0
DA:93,0
DA:98,0
DA:99,0
DA:105,0
DA:106,0
DA:107,0
DA:109,0
DA:111,0
DA:112,0
DA:113,0
DA:114,0
DA:115,0
DA:116,0
DA:118,0
DA:119,0
DA:121,0
DA:122,0
DA:123,0
DA:124,0
DA:125,0
DA:127,0
DA:128,0
DA:129,0
DA:133,0
DA:135,0
DA:137,0
DA:139,0
DA:143,0
DA:144,0
DA:145,0
DA:147,0
DA:148,0
DA:149,0
DA:150,0
DA:151,0
DA:152,0
DA:157,0
DA:158,0
DA:161,0
DA:162,0
DA:165,0
DA:166,0
DA:167,0
DA:168,0
DA:171,0
DA:172,0
DA:173,0
DA:175,0
DA:176,0
DA:177,0
DA:179,0
DA:182,0
DA:183,0
DA:190,0
DA:195,0
DA:197,0
DA:198,0
LF:90
LH:1
end_of_record
SF:lib/auth/presentaion/signup/widget/user_details_fields.dart
DA:20,0
DA:27,0
DA:28,0
DA:35,0
DA:37,0
DA:38,0
DA:41,0
DA:43,0
DA:44,0
DA:45,0
DA:46,0
DA:47,0
DA:48,0
DA:50,0
DA:53,0
DA:54,0
DA:55,0
DA:57,0
DA:60,0
DA:61,0
DA:62,0
DA:63,0
DA:64,0
DA:71,0
DA:72,0
DA:74,0
DA:77,0
DA:78,0
DA:79,0
DA:80,0
DA:81,0
DA:83,0
DA:84,0
DA:85,0
DA:88,0
DA:89,0
DA:90,0
DA:91,0
DA:92,0
DA:103,0
DA:105,0
DA:106,0
DA:108,0
DA:109,0
DA:110,0
DA:111,0
DA:112,0
DA:113,0
DA:115,0
DA:118,0
DA:120,0
DA:121,0
DA:125,0
DA:126,0
DA:130,0
DA:133,0
DA:144,0
LF:57
LH:0
end_of_record
SF:lib/util/usern_name_generator.dart
DA:6,0
DA:7,0
DA:8,0
DA:9,0
DA:14,0
DA:15,0
DA:17,0
DA:18,0
DA:21,0
DA:22,0
DA:23,0
DA:24,0
DA:27,0
DA:31,0
DA:32,0
DA:36,0
DA:37,0
DA:40,0
DA:41,0
DA:42,0
DA:43,0
DA:46,0
DA:47,0
DA:48,0
DA:49,0
LF:25
LH:0
end_of_record
SF:lib/dashbord/presentaion/widgets/bottom_nav_bar_button.dart
DA:7,0
DA:14,0
DA:16,0
DA:17,0
DA:18,0
DA:20,0
DA:21,0
DA:22,0
DA:23,0
DA:24,0
DA:26,0
LF:11
LH:0
end_of_record
SF:lib/doc_module/doc_page.dart
DA:10,1
DA:12,0
DA:13,0
DA:17,0
DA:19,0
DA:20,0
DA:21,0
DA:22,0
DA:23,0
DA:24,0
DA:25,0
DA:26,0
DA:28,0
DA:31,0
DA:33,0
DA:34,0
DA:36,0
DA:37,0
DA:38,0
DA:40,0
DA:41,0
DA:43,0
DA:44,0
DA:45,0
DA:50,0
DA:51,0
DA:55,0
DA:57,0
DA:58,0
DA:60,0
DA:61,0
DA:62,0
DA:64,0
DA:65,0
DA:67,0
DA:68,0
DA:69,0
DA:74,0
DA:75,0
DA:79,0
DA:81,0
DA:82,0
DA:84,0
DA:85,0
DA:86,0
DA:88,0
DA:89,0
DA:91,0
DA:92,0
DA:93,0
DA:98,0
DA:99,0
LF:52
LH:1
end_of_record
SF:lib/home/home_page.dart
DA:13,1
DA:15,0
DA:16,0
DA:20,0
DA:22,0
DA:23,0
DA:24,0
DA:25,0
DA:26,0
DA:27,0
DA:28,0
DA:30,0
DA:31,0
DA:32,0
DA:34,0
DA:35,0
DA:36,0
DA:37,0
DA:38,0
DA:40,0
DA:47,0
DA:55,0
DA:56,0
DA:58,0
DA:59,0
DA:61,0
DA:63,0
DA:64,0
DA:66,0
DA:67,0
DA:69,0
DA:70,0
DA:71,0
DA:72,0
DA:73,0
DA:74,0
DA:76,0
DA:77,0
DA:79,0
DA:81,0
LF:40
LH:1
end_of_record
SF:lib/upload_module/upload_page.dart
DA:10,1
DA:12,0
DA:13,0
DA:17,0
DA:19,0
DA:20,0
DA:21,0
DA:22,0
DA:23,0
DA:24,0
DA:25,0
DA:26,0
DA:28,0
DA:31,0
DA:33,0
DA:34,0
DA:36,0
DA:37,0
DA:38,0
DA:39,0
DA:40,0
DA:42,0
DA:43,0
DA:45,0
DA:48,0
LF:25
LH:1
end_of_record
SF:lib/user_profile/user_profile_page.dart
DA:10,1
DA:12,0
DA:13,0
DA:17,0
DA:19,0
DA:20,0
DA:21,0
DA:22,0
DA:23,0
DA:24,0
DA:25,0
DA:27,0
DA:31,0
DA:32,0
DA:34,0
DA:35,0
LF:16
LH:1
end_of_record
SF:lib/onbording/widget/image_widget.dart
DA:9,1
DA:11,0
DA:13,0
DA:14,0
DA:15,0
DA:16,0
DA:18,0
DA:19,0
DA:20,0
LF:9
LH:1
end_of_record
SF:lib/di/dio_setup.dart
DA:11,0
DA:12,0
DA:13,0
DA:17,0
DA:18,0
DA:21,0
LF:6
LH:0
end_of_record
SF:lib/di/interceptor.dart
DA:5,0
DA:6,0
DA:7,0
DA:8,0
DA:10,0
DA:11,0
DA:14,0
DA:15,0
DA:16,0
DA:17,0
DA:18,0
DA:19,0
DA:21,0
DA:22,0
DA:24,0
DA:25,0
DA:27,0
DA:31,0
DA:32,0
DA:35,0
DA:39,0
DA:44,0
DA:49,0
DA:54,0
LF:24
LH:0
end_of_record
SF:lib/util/common_divider.dart
DA:9,0
DA:11,0
DA:13,0
DA:14,0
DA:15,0
DA:17,0
DA:18,0
LF:7
LH:0
end_of_record
SF:lib/util/common_icon_button.dart
DA:10,0
DA:18,0
DA:20,0
DA:21,0
DA:22,0
DA:23,0
DA:24,0
DA:25,0
DA:26,0
DA:27,0
LF:10
LH:0
end_of_record
SF:lib/util/app_router.dart
DA:10,0
DA:12,0
DA:13,0
DA:14,0
DA:15,0
DA:16,0
DA:17,0
DA:19,0
DA:21,0
DA:23,0
DA:25,0
DA:27,0
DA:29,0
DA:31,0
DA:220,0
DA:224,0
DA:225,0
DA:226,0
DA:227,0
DA:230,0
DA:231,0
DA:232,0
LF:22
LH:0
end_of_record
SF:lib/onbording/walk_through.dart
DA:16,1
DA:18,0
DA:19,0
DA:115,0
DA:117,0
DA:120,0
DA:122,0
DA:123,0
DA:126,0
DA:127,0
DA:130,0
DA:134,0
DA:135,0
DA:136,0
DA:137,0
DA:138,0
DA:139,0
DA:140,0
DA:141,0
DA:142,0
DA:143,0
DA:144,0
DA:145,0
DA:150,0
DA:152,0
DA:153,0
DA:155,0
DA:156,0
DA:157,0
DA:158,0
DA:159,0
DA:164,0
DA:165,0
DA:166,0
DA:167,0
DA:169,0
DA:174,0
DA:175,0
DA:177,0
DA:178,0
DA:180,0
DA:181,0
DA:182,0
DA:184,0
DA:185,0
DA:191,0
DA:195,0
DA:199,0
DA:200,0
DA:202,0
DA:203,0
DA:204,0
DA:206,0
DA:208,0
DA:210,0
DA:211,0
DA:217,0
DA:219,0
DA:220,0
DA:226,0
DA:228,0
DA:229,0
DA:231,0
DA:232,0
DA:233,0
DA:234,0
DA:239,0
DA:243,0
DA:247,0
DA:248,0
DA:250,0
DA:251,0
DA:252,0
DA:259,0
DA:263,0
LF:75
LH:1
end_of_record
SF:lib/setting/settings.dart
DA:15,1
DA:17,0
DA:18,0
DA:22,0
DA:24,0
DA:26,0
DA:27,0
DA:28,0
DA:29,0
DA:30,0
DA:32,0
DA:33,0
DA:34,0
DA:38,0
DA:39,0
DA:44,0
DA:45,0
DA:48,0
DA:49,0
DA:50,0
DA:51,0
DA:56,0
DA:57,0
DA:58,0
DA:59,0
DA:64,0
DA:65,0
DA:66,0
DA:67,0
DA:72,0
DA:73,0
DA:74,0
DA:75,0
DA:80,0
DA:81,0
DA:82,0
DA:83,0
DA:84,0
DA:85,0
DA:86,0
DA:88,0
DA:89,0
DA:91,0
DA:98,0
DA:99,0
DA:100,0
DA:101,0
DA:106,0
LF:48
LH:1
end_of_record
SF:lib/setting/widgets/settings_text_button.dart
DA:13,0
DA:15,0
DA:17,0
DA:18,0
DA:19,0
DA:20,0
DA:21,0
DA:22,0
DA:23,0
DA:24,0
DA:30,0
DA:31,0
LF:12
LH:0
end_of_record
SF:lib/splash_screen.dart
DA:12,1
DA:14,0
DA:15,0
DA:23,0
DA:25,0
DA:26,0
DA:27,0
DA:29,0
DA:34,0
DA:35,0
DA:36,0
DA:40,0
DA:41,0
DA:42,0
DA:43,0
DA:46,0
DA:48,0
DA:51,0
DA:54,0
DA:55,0
DA:57,0
DA:62,0
DA:67,0
DA:69,0
DA:70,0
DA:80,0
DA:91,0
DA:93,0
DA:95,0
DA:96,0
DA:97,0
DA:100,0
DA:101,0
DA:102,0
DA:104,0
DA:105,0
DA:106,0
DA:107,0
DA:108,0
DA:120,0
DA:122,0
DA:123,0
LF:42
LH:1
end_of_record
SF:lib/util/connectivity/connection.dart
DA:6,0
DA:8,0
DA:9,0
DA:10,0
DA:13,0
LF:5
LH:0
end_of_record
SF:lib/util/lost_connection_page.dart
DA:14,1
DA:16,0
DA:17,0
DA:21,0
DA:23,0
DA:24,0
DA:26,0
DA:28,0
DA:29,0
DA:33,0
DA:35,0
DA:37,0
DA:38,0
DA:40,0
DA:43,0
DA:44,0
DA:47,0
LF:17
LH:1
end_of_record
